<?xml version="1.0" encoding="UTF-8"?>
<!-- Generated by org.testng.reporters.JUnitXMLReporter -->
<testsuite hostname="localhost" ignored="0" name="reporter" tests="3" failures="0" timestamp="06 六月 2019 06:51:30 GMT" time="0.895" errors="0">
  <testcase name="getCookieTest" time="0.709" classname="com.tsing.getMethod"/>
  <testcase name="getWithCookie" time="0.036" classname="com.tsing.getMethod"/>
  <testcase name="postWithParam" time="0.117" classname="com.tsing.postMethod"/>
</testsuite> <!-- reporter -->
